<?xml version="1.0" encoding="utf-8"?><testsuites name="pytest tests"><testsuite name="pytest" errors="0" failures="0" skipped="0" tests="3" time="1.011" timestamp="2026-07-31T21:38:10.391778+00:00" hostname="agent-env-40d6420a-3dca-4a14-b49a-2708c99bd612"><testcase classname="tests.test_instagram_and_reviews" name="test_root" time="0.214" /><testcase classname="tests.test_instagram_and_reviews" name="test_instagram_feed_unconfigured" time="0.172" /><testcase classname="tests.test_instagram_and_reviews" name="test_reviews_unconfigured" time="0.148" /></testsuite></testsuites>