<?xml version="1.0" encoding="utf-8"?><testsuites name="pytest tests"><testsuite name="pytest" errors="0" failures="0" skipped="0" tests="3" time="1.227" timestamp="2026-07-31T21:27:40.595515+00:00" hostname="agent-env-40d6420a-3dca-4a14-b49a-2708c99bd612"><testcase classname="tests.test_reviews" name="test_root_still_works" time="0.219" /><testcase classname="tests.test_reviews" name="test_reviews_unconfigured_returns_200_and_fallback_shape" time="0.156" /><testcase classname="tests.test_reviews" name="test_reviews_endpoint_multiple_calls_stable" time="0.376" /></testsuite></testsuites>